ERROR - 2023-08-27 15:18:53 --> Error connecting to the database: Access denied for user '****'@'localhost' (using password: NO)
CRITICAL - 2023-08-27 15:18:53 --> Unable to connect to the database.
Main connection [MySQLi]: Access denied for user '****'@'localhost' (using password: NO)
#0 C:\xampp\htdocs\ci4\system\Database\BaseConnection.php(625): CodeIgniter\Database\BaseConnection->initialize()
#1 C:\xampp\htdocs\ci4\system\Database\BaseBuilder.php(1881): CodeIgniter\Database\BaseConnection->query('SELECT *\nFROM `...', Array, false)
#2 C:\xampp\htdocs\ci4\system\Model.php(228): CodeIgniter\Database\BaseBuilder->get()
#3 C:\xampp\htdocs\ci4\system\BaseModel.php(644): CodeIgniter\Model->doFirst()
#4 C:\xampp\htdocs\ci4\app\Controllers\Home.php(17): CodeIgniter\BaseModel->first()
#5 C:\xampp\htdocs\ci4\system\CodeIgniter.php(931): App\Controllers\Home->index()
#6 C:\xampp\htdocs\ci4\system\CodeIgniter.php(439): CodeIgniter\CodeIgniter->runController(Object(App\Controllers\Home))
#7 C:\xampp\htdocs\ci4\system\CodeIgniter.php(339): CodeIgniter\CodeIgniter->handleRequest(NULL, Object(Config\Cache), false)
#8 C:\xampp\htdocs\ci4\public\index.php(36): CodeIgniter\CodeIgniter->run()
#9 {main}
ERROR - 2023-08-27 15:23:32 --> Error connecting to the database: Access denied for user '****'@'localhost' (using password: NO)
CRITICAL - 2023-08-27 15:23:32 --> Unable to connect to the database.
Main connection [MySQLi]: Access denied for user '****'@'localhost' (using password: NO)
#0 C:\xampp\htdocs\ci4\system\Database\BaseConnection.php(625): CodeIgniter\Database\BaseConnection->initialize()
#1 C:\xampp\htdocs\ci4\system\Database\BaseBuilder.php(1881): CodeIgniter\Database\BaseConnection->query('SELECT *\nFROM `...', Array, false)
#2 C:\xampp\htdocs\ci4\system\Model.php(228): CodeIgniter\Database\BaseBuilder->get()
#3 C:\xampp\htdocs\ci4\system\BaseModel.php(644): CodeIgniter\Model->doFirst()
#4 C:\xampp\htdocs\ci4\app\Controllers\Home.php(17): CodeIgniter\BaseModel->first()
#5 C:\xampp\htdocs\ci4\system\CodeIgniter.php(931): App\Controllers\Home->index()
#6 C:\xampp\htdocs\ci4\system\CodeIgniter.php(439): CodeIgniter\CodeIgniter->runController(Object(App\Controllers\Home))
#7 C:\xampp\htdocs\ci4\system\CodeIgniter.php(339): CodeIgniter\CodeIgniter->handleRequest(NULL, Object(Config\Cache), false)
#8 C:\xampp\htdocs\ci4\public\index.php(36): CodeIgniter\CodeIgniter->run()
#9 {main}
ERROR - 2023-08-27 15:34:12 --> Error connecting to the database: Access denied for user '****'@'localhost' (using password: NO)
CRITICAL - 2023-08-27 15:34:12 --> Unable to connect to the database.
Main connection [MySQLi]: Access denied for user '****'@'localhost' (using password: NO)
#0 C:\xampp\htdocs\ci4\system\Database\BaseConnection.php(625): CodeIgniter\Database\BaseConnection->initialize()
#1 C:\xampp\htdocs\ci4\system\Database\BaseBuilder.php(1881): CodeIgniter\Database\BaseConnection->query('SELECT *\nFROM `...', Array, false)
#2 C:\xampp\htdocs\ci4\system\Model.php(228): CodeIgniter\Database\BaseBuilder->get()
#3 C:\xampp\htdocs\ci4\system\BaseModel.php(644): CodeIgniter\Model->doFirst()
#4 C:\xampp\htdocs\ci4\app\Controllers\Home.php(17): CodeIgniter\BaseModel->first()
#5 C:\xampp\htdocs\ci4\system\CodeIgniter.php(931): App\Controllers\Home->index()
#6 C:\xampp\htdocs\ci4\system\CodeIgniter.php(439): CodeIgniter\CodeIgniter->runController(Object(App\Controllers\Home))
#7 C:\xampp\htdocs\ci4\system\CodeIgniter.php(339): CodeIgniter\CodeIgniter->handleRequest(NULL, Object(Config\Cache), false)
#8 C:\xampp\htdocs\ci4\public\index.php(36): CodeIgniter\CodeIgniter->run()
#9 {main}
