CRITICAL - 2021-06-16 10:19:37 --> Call to undefined function App\Controllers\DateTime()
#0 C:\xampp\htdocs\framework\system\CodeIgniter.php(931): App\Controllers\Admin->vencidos()
#1 C:\xampp\htdocs\framework\system\CodeIgniter.php(439): CodeIgniter\CodeIgniter->runController(Object(App\Controllers\Admin))
#2 C:\xampp\htdocs\framework\system\CodeIgniter.php(339): CodeIgniter\CodeIgniter->handleRequest(NULL, Object(Config\Cache), false)
#3 C:\xampp\htdocs\framework\public\index.php(36): CodeIgniter\CodeIgniter->run()
#4 {main}
CRITICAL - 2021-06-16 10:44:32 --> A non-numeric value encountered
#0 C:\xampp\htdocs\framework\app\Controllers\Admin.php(191): CodeIgniter\Debug\Exceptions->errorHandler(2, 'A non-numeric v...', 'C:\\xampp\\htdocs...', 191, Array)
#1 C:\xampp\htdocs\framework\app\Controllers\Admin.php(199): App\Controllers\Admin->calcula_v(NULL)
#2 C:\xampp\htdocs\framework\system\CodeIgniter.php(931): App\Controllers\Admin->vencidos()
#3 C:\xampp\htdocs\framework\system\CodeIgniter.php(439): CodeIgniter\CodeIgniter->runController(Object(App\Controllers\Admin))
#4 C:\xampp\htdocs\framework\system\CodeIgniter.php(339): CodeIgniter\CodeIgniter->handleRequest(NULL, Object(Config\Cache), false)
#5 C:\xampp\htdocs\framework\public\index.php(36): CodeIgniter\CodeIgniter->run()
#6 {main}
CRITICAL - 2021-06-16 11:19:31 --> Object of class DateInterval could not be converted to string
#0 C:\xampp\htdocs\framework\system\CodeIgniter.php(931): App\Controllers\Admin->vencidos()
#1 C:\xampp\htdocs\framework\system\CodeIgniter.php(439): CodeIgniter\CodeIgniter->runController(Object(App\Controllers\Admin))
#2 C:\xampp\htdocs\framework\system\CodeIgniter.php(339): CodeIgniter\CodeIgniter->handleRequest(NULL, Object(Config\Cache), false)
#3 C:\xampp\htdocs\framework\public\index.php(36): CodeIgniter\CodeIgniter->run()
#4 {main}
CRITICAL - 2021-06-16 11:37:27 --> Too few arguments to function App\Controllers\Admin::get_date_from_timestamp(), 0 passed in C:\xampp\htdocs\framework\system\CodeIgniter.php on line 931 and exactly 1 expected
#0 C:\xampp\htdocs\framework\system\CodeIgniter.php(931): App\Controllers\Admin->get_date_from_timestamp()
#1 C:\xampp\htdocs\framework\system\CodeIgniter.php(439): CodeIgniter\CodeIgniter->runController(Object(App\Controllers\Admin))
#2 C:\xampp\htdocs\framework\system\CodeIgniter.php(339): CodeIgniter\CodeIgniter->handleRequest(NULL, Object(Config\Cache), false)
#3 C:\xampp\htdocs\framework\public\index.php(36): CodeIgniter\CodeIgniter->run()
#4 {main}
CRITICAL - 2021-06-16 20:46:09 --> dir(.uploads,.uploads): El sistema no puede encontrar el archivo especificado. (code: 2)
#0 [internal function]: CodeIgniter\Debug\Exceptions->errorHandler(2, 'dir(.uploads,.u...', 'C:\\xampp\\htdocs...', 131, Array)
#1 C:\xampp\htdocs\framework\app\Controllers\Productos.php(131): dir('.uploads')
#2 C:\xampp\htdocs\framework\system\CodeIgniter.php(931): App\Controllers\Productos->registrar()
#3 C:\xampp\htdocs\framework\system\CodeIgniter.php(439): CodeIgniter\CodeIgniter->runController(Object(App\Controllers\Productos))
#4 C:\xampp\htdocs\framework\system\CodeIgniter.php(339): CodeIgniter\CodeIgniter->handleRequest(NULL, Object(Config\Cache), false)
#5 C:\xampp\htdocs\framework\public\index.php(36): CodeIgniter\CodeIgniter->run()
#6 {main}
CRITICAL - 2021-06-16 21:02:13 --> Too few arguments to function App\Controllers\Ventas::generar(), 0 passed in C:\xampp\htdocs\framework\system\CodeIgniter.php on line 931 and exactly 1 expected
#0 C:\xampp\htdocs\framework\system\CodeIgniter.php(931): App\Controllers\Ventas->generar()
#1 C:\xampp\htdocs\framework\system\CodeIgniter.php(439): CodeIgniter\CodeIgniter->runController(Object(App\Controllers\Ventas))
#2 C:\xampp\htdocs\framework\system\CodeIgniter.php(339): CodeIgniter\CodeIgniter->handleRequest(NULL, Object(Config\Cache), false)
#3 C:\xampp\htdocs\framework\public\index.php(36): CodeIgniter\CodeIgniter->run()
#4 {main}
CRITICAL - 2021-06-16 21:02:56 --> Too few arguments to function App\Controllers\Ventas::generar(), 0 passed in C:\xampp\htdocs\framework\system\CodeIgniter.php on line 931 and exactly 1 expected
#0 C:\xampp\htdocs\framework\system\CodeIgniter.php(931): App\Controllers\Ventas->generar()
#1 C:\xampp\htdocs\framework\system\CodeIgniter.php(439): CodeIgniter\CodeIgniter->runController(Object(App\Controllers\Ventas))
#2 C:\xampp\htdocs\framework\system\CodeIgniter.php(339): CodeIgniter\CodeIgniter->handleRequest(NULL, Object(Config\Cache), false)
#3 C:\xampp\htdocs\framework\public\index.php(36): CodeIgniter\CodeIgniter->run()
#4 {main}
