CRITICAL - 2021-06-11 13:32:18 --> Call to a member function first() on null
#0 C:\xampp\htdocs\framework\system\CodeIgniter.php(931): App\Controllers\Compras->generarPdf()
#1 C:\xampp\htdocs\framework\system\CodeIgniter.php(439): CodeIgniter\CodeIgniter->runController(Object(App\Controllers\Compras))
#2 C:\xampp\htdocs\framework\system\CodeIgniter.php(339): CodeIgniter\CodeIgniter->handleRequest(NULL, Object(Config\Cache), false)
#3 C:\xampp\htdocs\framework\public\index.php(36): CodeIgniter\CodeIgniter->run()
#4 {main}
CRITICAL - 2021-06-11 13:33:36 --> fopen(http://localhost/framework/public/Assets/img/logo.png): failed to open stream: HTTP request failed! HTTP/1.0 404 Not Found

#0 [internal function]: CodeIgniter\Debug\Exceptions->errorHandler(2, 'fopen(http://lo...', 'C:\\xampp\\htdocs...', 1257, Array)
#1 C:\xampp\htdocs\framework\app\Libraries\fpdf\fpdf.php(1257): fopen('http://localhos...', 'rb')
#2 C:\xampp\htdocs\framework\app\Libraries\fpdf\fpdf.php(885): FPDF->_parsepng('http://localhos...')
#3 C:\xampp\htdocs\framework\app\Controllers\Compras.php(132): FPDF->Image('http://localhos...', 50, 16, 25, 25)
#4 C:\xampp\htdocs\framework\system\CodeIgniter.php(931): App\Controllers\Compras->generarPdf()
#5 C:\xampp\htdocs\framework\system\CodeIgniter.php(439): CodeIgniter\CodeIgniter->runController(Object(App\Controllers\Compras))
#6 C:\xampp\htdocs\framework\system\CodeIgniter.php(339): CodeIgniter\CodeIgniter->handleRequest(NULL, Object(Config\Cache), false)
#7 C:\xampp\htdocs\framework\public\index.php(36): CodeIgniter\CodeIgniter->run()
#8 {main}
CRITICAL - 2021-06-11 13:39:59 --> Too few arguments to function App\Controllers\Compras::generarPdf(), 0 passed in C:\xampp\htdocs\framework\system\CodeIgniter.php on line 931 and exactly 1 expected
#0 C:\xampp\htdocs\framework\system\CodeIgniter.php(931): App\Controllers\Compras->generarPdf()
#1 C:\xampp\htdocs\framework\system\CodeIgniter.php(439): CodeIgniter\CodeIgniter->runController(Object(App\Controllers\Compras))
#2 C:\xampp\htdocs\framework\system\CodeIgniter.php(339): CodeIgniter\CodeIgniter->handleRequest(NULL, Object(Config\Cache), false)
#3 C:\xampp\htdocs\framework\public\index.php(36): CodeIgniter\CodeIgniter->run()
#4 {main}
ERROR - 2021-06-11 13:40:06 --> Unknown column 'detalle_compra.id_compra' in 'on clause'
CRITICAL - 2021-06-11 13:40:06 --> Call to a member function getResult() on bool
#0 C:\xampp\htdocs\framework\system\BaseModel.php(603): CodeIgniter\Model->doFindAll(0, 0)
#1 C:\xampp\htdocs\framework\app\Controllers\Compras.php(130): CodeIgniter\BaseModel->findAll()
#2 C:\xampp\htdocs\framework\system\CodeIgniter.php(931): App\Controllers\Compras->generarPdf('1')
#3 C:\xampp\htdocs\framework\system\CodeIgniter.php(439): CodeIgniter\CodeIgniter->runController(Object(App\Controllers\Compras))
#4 C:\xampp\htdocs\framework\system\CodeIgniter.php(339): CodeIgniter\CodeIgniter->handleRequest(NULL, Object(Config\Cache), false)
#5 C:\xampp\htdocs\framework\public\index.php(36): CodeIgniter\CodeIgniter->run()
#6 {main}
ERROR - 2021-06-11 13:40:45 --> Unknown column 'detalle_compra.id_compra' in 'on clause'
CRITICAL - 2021-06-11 13:40:45 --> Call to a member function getResult() on bool
#0 C:\xampp\htdocs\framework\system\BaseModel.php(603): CodeIgniter\Model->doFindAll(0, 0)
#1 C:\xampp\htdocs\framework\app\Controllers\Compras.php(130): CodeIgniter\BaseModel->findAll()
#2 C:\xampp\htdocs\framework\system\CodeIgniter.php(931): App\Controllers\Compras->generarPdf('1')
#3 C:\xampp\htdocs\framework\system\CodeIgniter.php(439): CodeIgniter\CodeIgniter->runController(Object(App\Controllers\Compras))
#4 C:\xampp\htdocs\framework\system\CodeIgniter.php(339): CodeIgniter\CodeIgniter->handleRequest(NULL, Object(Config\Cache), false)
#5 C:\xampp\htdocs\framework\public\index.php(36): CodeIgniter\CodeIgniter->run()
#6 {main}
ERROR - 2021-06-11 13:41:48 --> Unknown column 'detalle_compra.id_compra' in 'on clause'
CRITICAL - 2021-06-11 13:41:48 --> Call to a member function getResult() on bool
#0 C:\xampp\htdocs\framework\system\BaseModel.php(603): CodeIgniter\Model->doFindAll(0, 0)
#1 C:\xampp\htdocs\framework\app\Controllers\Compras.php(130): CodeIgniter\BaseModel->findAll()
#2 C:\xampp\htdocs\framework\system\CodeIgniter.php(931): App\Controllers\Compras->generarPdf('1')
#3 C:\xampp\htdocs\framework\system\CodeIgniter.php(439): CodeIgniter\CodeIgniter->runController(Object(App\Controllers\Compras))
#4 C:\xampp\htdocs\framework\system\CodeIgniter.php(339): CodeIgniter\CodeIgniter->handleRequest(NULL, Object(Config\Cache), false)
#5 C:\xampp\htdocs\framework\public\index.php(36): CodeIgniter\CodeIgniter->run()
#6 {main}
ERROR - 2021-06-11 13:42:20 --> Unknown column 'detalle_compra.id_compra' in 'on clause'
CRITICAL - 2021-06-11 13:42:20 --> Call to a member function getResult() on bool
#0 C:\xampp\htdocs\framework\system\BaseModel.php(603): CodeIgniter\Model->doFindAll(0, 0)
#1 C:\xampp\htdocs\framework\app\Controllers\Compras.php(130): CodeIgniter\BaseModel->findAll()
#2 C:\xampp\htdocs\framework\system\CodeIgniter.php(931): App\Controllers\Compras->generarPdf('1')
#3 C:\xampp\htdocs\framework\system\CodeIgniter.php(439): CodeIgniter\CodeIgniter->runController(Object(App\Controllers\Compras))
#4 C:\xampp\htdocs\framework\system\CodeIgniter.php(339): CodeIgniter\CodeIgniter->handleRequest(NULL, Object(Config\Cache), false)
#5 C:\xampp\htdocs\framework\public\index.php(36): CodeIgniter\CodeIgniter->run()
#6 {main}
ERROR - 2021-06-11 13:42:44 --> Unknown column 'detalle_compra.id_compra' in 'on clause'
CRITICAL - 2021-06-11 13:42:44 --> Call to a member function getResult() on bool
#0 C:\xampp\htdocs\framework\system\BaseModel.php(603): CodeIgniter\Model->doFindAll(0, 0)
#1 C:\xampp\htdocs\framework\app\Controllers\Compras.php(130): CodeIgniter\BaseModel->findAll()
#2 C:\xampp\htdocs\framework\system\CodeIgniter.php(931): App\Controllers\Compras->generarPdf('1')
#3 C:\xampp\htdocs\framework\system\CodeIgniter.php(439): CodeIgniter\CodeIgniter->runController(Object(App\Controllers\Compras))
#4 C:\xampp\htdocs\framework\system\CodeIgniter.php(339): CodeIgniter\CodeIgniter->handleRequest(NULL, Object(Config\Cache), false)
#5 C:\xampp\htdocs\framework\public\index.php(36): CodeIgniter\CodeIgniter->run()
#6 {main}
ERROR - 2021-06-11 13:47:12 --> Unknown column 'detalle_compra.id_compra' in 'on clause'
CRITICAL - 2021-06-11 13:47:12 --> Call to a member function getResult() on bool
#0 C:\xampp\htdocs\framework\system\BaseModel.php(603): CodeIgniter\Model->doFindAll(0, 0)
#1 C:\xampp\htdocs\framework\app\Controllers\Compras.php(130): CodeIgniter\BaseModel->findAll()
#2 C:\xampp\htdocs\framework\system\CodeIgniter.php(931): App\Controllers\Compras->generarPdf('1')
#3 C:\xampp\htdocs\framework\system\CodeIgniter.php(439): CodeIgniter\CodeIgniter->runController(Object(App\Controllers\Compras))
#4 C:\xampp\htdocs\framework\system\CodeIgniter.php(339): CodeIgniter\CodeIgniter->handleRequest(NULL, Object(Config\Cache), false)
#5 C:\xampp\htdocs\framework\public\index.php(36): CodeIgniter\CodeIgniter->run()
#6 {main}
ERROR - 2021-06-11 13:47:47 --> You have an error in your SQL syntax; check the manual that corresponds to your MariaDB server version for the right syntax to use near '*
FROM `detalle_temp_compra`
JOIN `compras` ON `detalle_compra`.`id_compra` =...' at line 1
CRITICAL - 2021-06-11 13:47:47 --> Call to a member function getResult() on bool
#0 C:\xampp\htdocs\framework\system\BaseModel.php(603): CodeIgniter\Model->doFindAll(0, 0)
#1 C:\xampp\htdocs\framework\app\Controllers\Compras.php(131): CodeIgniter\BaseModel->findAll()
#2 C:\xampp\htdocs\framework\system\CodeIgniter.php(931): App\Controllers\Compras->generarPdf('1')
#3 C:\xampp\htdocs\framework\system\CodeIgniter.php(439): CodeIgniter\CodeIgniter->runController(Object(App\Controllers\Compras))
#4 C:\xampp\htdocs\framework\system\CodeIgniter.php(339): CodeIgniter\CodeIgniter->handleRequest(NULL, Object(Config\Cache), false)
#5 C:\xampp\htdocs\framework\public\index.php(36): CodeIgniter\CodeIgniter->run()
#6 {main}
ERROR - 2021-06-11 13:49:05 --> Unknown column 'detalle_compra.id_compra' in 'on clause'
CRITICAL - 2021-06-11 13:49:06 --> Call to a member function getResult() on bool
#0 C:\xampp\htdocs\framework\system\BaseModel.php(603): CodeIgniter\Model->doFindAll(0, 0)
#1 C:\xampp\htdocs\framework\app\Controllers\Compras.php(128): CodeIgniter\BaseModel->findAll()
#2 C:\xampp\htdocs\framework\system\CodeIgniter.php(931): App\Controllers\Compras->consultas('1')
#3 C:\xampp\htdocs\framework\system\CodeIgniter.php(439): CodeIgniter\CodeIgniter->runController(Object(App\Controllers\Compras))
#4 C:\xampp\htdocs\framework\system\CodeIgniter.php(339): CodeIgniter\CodeIgniter->handleRequest(NULL, Object(Config\Cache), false)
#5 C:\xampp\htdocs\framework\public\index.php(36): CodeIgniter\CodeIgniter->run()
#6 {main}
ERROR - 2021-06-11 13:49:46 --> Unknown column 'detalle_compra.id_compra' in 'on clause'
CRITICAL - 2021-06-11 13:49:46 --> Call to a member function getResult() on bool
#0 C:\xampp\htdocs\framework\system\BaseModel.php(603): CodeIgniter\Model->doFindAll(0, 0)
#1 C:\xampp\htdocs\framework\app\Controllers\Compras.php(127): CodeIgniter\BaseModel->findAll()
#2 C:\xampp\htdocs\framework\system\CodeIgniter.php(931): App\Controllers\Compras->consultas('1')
#3 C:\xampp\htdocs\framework\system\CodeIgniter.php(439): CodeIgniter\CodeIgniter->runController(Object(App\Controllers\Compras))
#4 C:\xampp\htdocs\framework\system\CodeIgniter.php(339): CodeIgniter\CodeIgniter->handleRequest(NULL, Object(Config\Cache), false)
#5 C:\xampp\htdocs\framework\public\index.php(36): CodeIgniter\CodeIgniter->run()
#6 {main}
ERROR - 2021-06-11 13:50:21 --> Unknown column 'detalle_compra.id_compra' in 'on clause'
CRITICAL - 2021-06-11 13:50:21 --> Call to a member function getResult() on bool
#0 C:\xampp\htdocs\framework\system\BaseModel.php(603): CodeIgniter\Model->doFindAll(0, 0)
#1 C:\xampp\htdocs\framework\app\Controllers\Compras.php(127): CodeIgniter\BaseModel->findAll()
#2 C:\xampp\htdocs\framework\system\CodeIgniter.php(931): App\Controllers\Compras->consultas('1')
#3 C:\xampp\htdocs\framework\system\CodeIgniter.php(439): CodeIgniter\CodeIgniter->runController(Object(App\Controllers\Compras))
#4 C:\xampp\htdocs\framework\system\CodeIgniter.php(339): CodeIgniter\CodeIgniter->handleRequest(NULL, Object(Config\Cache), false)
#5 C:\xampp\htdocs\framework\public\index.php(36): CodeIgniter\CodeIgniter->run()
#6 {main}
ERROR - 2021-06-11 13:51:30 --> Unknown column 'detalle_compra.id_compra' in 'where clause'
CRITICAL - 2021-06-11 13:51:30 --> Call to a member function getResult() on bool
#0 C:\xampp\htdocs\framework\system\BaseModel.php(603): CodeIgniter\Model->doFindAll(0, 0)
#1 C:\xampp\htdocs\framework\app\Controllers\Compras.php(127): CodeIgniter\BaseModel->findAll()
#2 C:\xampp\htdocs\framework\system\CodeIgniter.php(931): App\Controllers\Compras->consultas('1')
#3 C:\xampp\htdocs\framework\system\CodeIgniter.php(439): CodeIgniter\CodeIgniter->runController(Object(App\Controllers\Compras))
#4 C:\xampp\htdocs\framework\system\CodeIgniter.php(339): CodeIgniter\CodeIgniter->handleRequest(NULL, Object(Config\Cache), false)
#5 C:\xampp\htdocs\framework\public\index.php(36): CodeIgniter\CodeIgniter->run()
#6 {main}
ERROR - 2021-06-11 13:52:00 --> Unknown column 'detalle_compra.id_compra' in 'where clause'
CRITICAL - 2021-06-11 13:52:00 --> Call to a member function getResult() on bool
#0 C:\xampp\htdocs\framework\system\BaseModel.php(603): CodeIgniter\Model->doFindAll(0, 0)
#1 C:\xampp\htdocs\framework\app\Controllers\Compras.php(127): CodeIgniter\BaseModel->findAll()
#2 C:\xampp\htdocs\framework\system\CodeIgniter.php(931): App\Controllers\Compras->consultas('1')
#3 C:\xampp\htdocs\framework\system\CodeIgniter.php(439): CodeIgniter\CodeIgniter->runController(Object(App\Controllers\Compras))
#4 C:\xampp\htdocs\framework\system\CodeIgniter.php(339): CodeIgniter\CodeIgniter->handleRequest(NULL, Object(Config\Cache), false)
#5 C:\xampp\htdocs\framework\public\index.php(36): CodeIgniter\CodeIgniter->run()
#6 {main}
ERROR - 2021-06-11 13:58:29 --> Not unique table/alias: 'compras'
CRITICAL - 2021-06-11 13:58:29 --> Call to a member function getResult() on bool
#0 C:\xampp\htdocs\framework\system\BaseModel.php(603): CodeIgniter\Model->doFindAll(0, 0)
#1 C:\xampp\htdocs\framework\app\Controllers\Compras.php(127): CodeIgniter\BaseModel->findAll()
#2 C:\xampp\htdocs\framework\system\CodeIgniter.php(931): App\Controllers\Compras->consultas('1')
#3 C:\xampp\htdocs\framework\system\CodeIgniter.php(439): CodeIgniter\CodeIgniter->runController(Object(App\Controllers\Compras))
#4 C:\xampp\htdocs\framework\system\CodeIgniter.php(339): CodeIgniter\CodeIgniter->handleRequest(NULL, Object(Config\Cache), false)
#5 C:\xampp\htdocs\framework\public\index.php(36): CodeIgniter\CodeIgniter->run()
#6 {main}
ERROR - 2021-06-11 14:01:43 --> Not unique table/alias: 'detalle_compra'
CRITICAL - 2021-06-11 14:01:43 --> Call to a member function getResult() on bool
#0 C:\xampp\htdocs\framework\system\BaseModel.php(603): CodeIgniter\Model->doFindAll(0, 0)
#1 C:\xampp\htdocs\framework\app\Controllers\Compras.php(128): CodeIgniter\BaseModel->findAll()
#2 C:\xampp\htdocs\framework\system\CodeIgniter.php(931): App\Controllers\Compras->consultas('1')
#3 C:\xampp\htdocs\framework\system\CodeIgniter.php(439): CodeIgniter\CodeIgniter->runController(Object(App\Controllers\Compras))
#4 C:\xampp\htdocs\framework\system\CodeIgniter.php(339): CodeIgniter\CodeIgniter->handleRequest(NULL, Object(Config\Cache), false)
#5 C:\xampp\htdocs\framework\public\index.php(36): CodeIgniter\CodeIgniter->run()
#6 {main}
ERROR - 2021-06-11 14:03:55 --> Not unique table/alias: 'detalle_compra'
CRITICAL - 2021-06-11 14:03:55 --> Call to a member function getResult() on bool
#0 C:\xampp\htdocs\framework\system\BaseModel.php(603): CodeIgniter\Model->doFindAll(0, 0)
#1 C:\xampp\htdocs\framework\app\Controllers\Compras.php(129): CodeIgniter\BaseModel->findAll()
#2 C:\xampp\htdocs\framework\system\CodeIgniter.php(931): App\Controllers\Compras->consultas('1')
#3 C:\xampp\htdocs\framework\system\CodeIgniter.php(439): CodeIgniter\CodeIgniter->runController(Object(App\Controllers\Compras))
#4 C:\xampp\htdocs\framework\system\CodeIgniter.php(339): CodeIgniter\CodeIgniter->handleRequest(NULL, Object(Config\Cache), false)
#5 C:\xampp\htdocs\framework\public\index.php(36): CodeIgniter\CodeIgniter->run()
#6 {main}
CRITICAL - 2021-06-11 14:15:13 --> utf8_decode() expects parameter 1 to be string, array given
#0 [internal function]: CodeIgniter\Debug\Exceptions->errorHandler(2, 'utf8_decode() e...', 'C:\\xampp\\htdocs...', 167, Array)
#1 C:\xampp\htdocs\framework\app\Controllers\Compras.php(167): utf8_decode(Array)
#2 C:\xampp\htdocs\framework\system\CodeIgniter.php(931): App\Controllers\Compras->generarPdf('1')
#3 C:\xampp\htdocs\framework\system\CodeIgniter.php(439): CodeIgniter\CodeIgniter->runController(Object(App\Controllers\Compras))
#4 C:\xampp\htdocs\framework\system\CodeIgniter.php(339): CodeIgniter\CodeIgniter->handleRequest(NULL, Object(Config\Cache), false)
#5 C:\xampp\htdocs\framework\public\index.php(36): CodeIgniter\CodeIgniter->run()
#6 {main}
CRITICAL - 2021-06-11 14:16:12 --> utf8_decode() expects parameter 1 to be string, array given
#0 [internal function]: CodeIgniter\Debug\Exceptions->errorHandler(2, 'utf8_decode() e...', 'C:\\xampp\\htdocs...', 167, Array)
#1 C:\xampp\htdocs\framework\app\Controllers\Compras.php(167): utf8_decode(Array)
#2 C:\xampp\htdocs\framework\system\CodeIgniter.php(931): App\Controllers\Compras->generarPdf('1')
#3 C:\xampp\htdocs\framework\system\CodeIgniter.php(439): CodeIgniter\CodeIgniter->runController(Object(App\Controllers\Compras))
#4 C:\xampp\htdocs\framework\system\CodeIgniter.php(339): CodeIgniter\CodeIgniter->handleRequest(NULL, Object(Config\Cache), false)
#5 C:\xampp\htdocs\framework\public\index.php(36): CodeIgniter\CodeIgniter->run()
#6 {main}
CRITICAL - 2021-06-11 14:20:48 --> Too few arguments to function App\Controllers\Compras::generarPdf(), 0 passed in C:\xampp\htdocs\framework\system\CodeIgniter.php on line 931 and exactly 1 expected
#0 C:\xampp\htdocs\framework\system\CodeIgniter.php(931): App\Controllers\Compras->generarPdf()
#1 C:\xampp\htdocs\framework\system\CodeIgniter.php(439): CodeIgniter\CodeIgniter->runController(Object(App\Controllers\Compras))
#2 C:\xampp\htdocs\framework\system\CodeIgniter.php(339): CodeIgniter\CodeIgniter->handleRequest(NULL, Object(Config\Cache), false)
#3 C:\xampp\htdocs\framework\public\index.php(36): CodeIgniter\CodeIgniter->run()
#4 {main}
CRITICAL - 2021-06-11 14:23:50 --> Call to undefined method App\Models\ComprasModel::insert_id
#0 C:\xampp\htdocs\framework\app\Controllers\Compras.php(93): CodeIgniter\Model->__call('insert_id', Array)
#1 C:\xampp\htdocs\framework\system\CodeIgniter.php(931): App\Controllers\Compras->generar()
#2 C:\xampp\htdocs\framework\system\CodeIgniter.php(439): CodeIgniter\CodeIgniter->runController(Object(App\Controllers\Compras))
#3 C:\xampp\htdocs\framework\system\CodeIgniter.php(339): CodeIgniter\CodeIgniter->handleRequest(NULL, Object(Config\Cache), false)
#4 C:\xampp\htdocs\framework\public\index.php(36): CodeIgniter\CodeIgniter->run()
#5 {main}
CRITICAL - 2021-06-11 14:25:24 --> Too few arguments to function App\Controllers\Compras::generarPdf(), 0 passed in C:\xampp\htdocs\framework\system\CodeIgniter.php on line 931 and exactly 1 expected
#0 C:\xampp\htdocs\framework\system\CodeIgniter.php(931): App\Controllers\Compras->generarPdf()
#1 C:\xampp\htdocs\framework\system\CodeIgniter.php(439): CodeIgniter\CodeIgniter->runController(Object(App\Controllers\Compras))
#2 C:\xampp\htdocs\framework\system\CodeIgniter.php(339): CodeIgniter\CodeIgniter->handleRequest(NULL, Object(Config\Cache), false)
#3 C:\xampp\htdocs\framework\public\index.php(36): CodeIgniter\CodeIgniter->run()
#4 {main}
CRITICAL - 2021-06-11 14:27:27 --> Too few arguments to function App\Controllers\Compras::generarPdf(), 0 passed in C:\xampp\htdocs\framework\system\CodeIgniter.php on line 931 and exactly 1 expected
#0 C:\xampp\htdocs\framework\system\CodeIgniter.php(931): App\Controllers\Compras->generarPdf()
#1 C:\xampp\htdocs\framework\system\CodeIgniter.php(439): CodeIgniter\CodeIgniter->runController(Object(App\Controllers\Compras))
#2 C:\xampp\htdocs\framework\system\CodeIgniter.php(339): CodeIgniter\CodeIgniter->handleRequest(NULL, Object(Config\Cache), false)
#3 C:\xampp\htdocs\framework\public\index.php(36): CodeIgniter\CodeIgniter->run()
#4 {main}
CRITICAL - 2021-06-11 14:27:32 --> Too few arguments to function App\Controllers\Compras::generarPdf(), 0 passed in C:\xampp\htdocs\framework\system\CodeIgniter.php on line 931 and exactly 1 expected
#0 C:\xampp\htdocs\framework\system\CodeIgniter.php(931): App\Controllers\Compras->generarPdf()
#1 C:\xampp\htdocs\framework\system\CodeIgniter.php(439): CodeIgniter\CodeIgniter->runController(Object(App\Controllers\Compras))
#2 C:\xampp\htdocs\framework\system\CodeIgniter.php(339): CodeIgniter\CodeIgniter->handleRequest(NULL, Object(Config\Cache), false)
#3 C:\xampp\htdocs\framework\public\index.php(36): CodeIgniter\CodeIgniter->run()
#4 {main}
