CRITICAL - 2022-02-24 13:27:50 --> Trying to access array offset on value of type null
#0 C:\xampp\htdocs\pos_codeigniter\app\Views\cajas\cierre.php(30): CodeIgniter\Debug\Exceptions->errorHandler(2, 'Trying to acces...', 'C:\\xampp\\htdocs...', 30)
#1 C:\xampp\htdocs\pos_codeigniter\system\View\View.php(230): include('C:\\xampp\\htdocs...')
#2 C:\xampp\htdocs\pos_codeigniter\system\View\View.php(232): CodeIgniter\View\View->CodeIgniter\View\{closure}()
#3 C:\xampp\htdocs\pos_codeigniter\system\Common.php(1250): CodeIgniter\View\View->render('cajas/cierre', Array, true)
#4 C:\xampp\htdocs\pos_codeigniter\app\Controllers\Cajas.php(165): view('cajas/cierre', Array)
#5 C:\xampp\htdocs\pos_codeigniter\system\CodeIgniter.php(931): App\Controllers\Cajas->cierre()
#6 C:\xampp\htdocs\pos_codeigniter\system\CodeIgniter.php(439): CodeIgniter\CodeIgniter->runController(Object(App\Controllers\Cajas))
#7 C:\xampp\htdocs\pos_codeigniter\system\CodeIgniter.php(339): CodeIgniter\CodeIgniter->handleRequest(NULL, Object(Config\Cache), false)
#8 C:\xampp\htdocs\pos_codeigniter\public\index.php(36): CodeIgniter\CodeIgniter->run()
#9 {main}
CRITICAL - 2022-02-24 13:29:06 --> Trying to access array offset on value of type null
#0 C:\xampp\htdocs\pos_codeigniter\app\Views\cajas\cierre.php(30): CodeIgniter\Debug\Exceptions->errorHandler(2, 'Trying to acces...', 'C:\\xampp\\htdocs...', 30)
#1 C:\xampp\htdocs\pos_codeigniter\system\View\View.php(230): include('C:\\xampp\\htdocs...')
#2 C:\xampp\htdocs\pos_codeigniter\system\View\View.php(232): CodeIgniter\View\View->CodeIgniter\View\{closure}()
#3 C:\xampp\htdocs\pos_codeigniter\system\Common.php(1250): CodeIgniter\View\View->render('cajas/cierre', Array, true)
#4 C:\xampp\htdocs\pos_codeigniter\app\Controllers\Cajas.php(165): view('cajas/cierre', Array)
#5 C:\xampp\htdocs\pos_codeigniter\system\CodeIgniter.php(931): App\Controllers\Cajas->cierre()
#6 C:\xampp\htdocs\pos_codeigniter\system\CodeIgniter.php(439): CodeIgniter\CodeIgniter->runController(Object(App\Controllers\Cajas))
#7 C:\xampp\htdocs\pos_codeigniter\system\CodeIgniter.php(339): CodeIgniter\CodeIgniter->handleRequest(NULL, Object(Config\Cache), false)
#8 C:\xampp\htdocs\pos_codeigniter\public\index.php(36): CodeIgniter\CodeIgniter->run()
#9 {main}
CRITICAL - 2022-02-24 13:41:34 --> Undefined array key "perfil"
#0 C:\xampp\htdocs\pos_codeigniter\app\Views\templates\header.php(50): CodeIgniter\Debug\Exceptions->errorHandler(2, 'Undefined array...', 'C:\\xampp\\htdocs...', 50)
#1 C:\xampp\htdocs\pos_codeigniter\system\View\View.php(230): include('C:\\xampp\\htdocs...')
#2 C:\xampp\htdocs\pos_codeigniter\system\View\View.php(232): CodeIgniter\View\View->CodeIgniter\View\{closure}()
#3 C:\xampp\htdocs\pos_codeigniter\system\Common.php(1250): CodeIgniter\View\View->render('templates/heade...', Array, true)
#4 C:\xampp\htdocs\pos_codeigniter\app\Controllers\Cajas.php(40): view('templates/heade...')
#5 C:\xampp\htdocs\pos_codeigniter\system\CodeIgniter.php(931): App\Controllers\Cajas->index()
#6 C:\xampp\htdocs\pos_codeigniter\system\CodeIgniter.php(439): CodeIgniter\CodeIgniter->runController(Object(App\Controllers\Cajas))
#7 C:\xampp\htdocs\pos_codeigniter\system\CodeIgniter.php(339): CodeIgniter\CodeIgniter->handleRequest(NULL, Object(Config\Cache), false)
#8 C:\xampp\htdocs\pos_codeigniter\public\index.php(36): CodeIgniter\CodeIgniter->run()
#9 {main}
CRITICAL - 2022-02-24 13:45:15 --> Undefined array key "perfil"
#0 C:\xampp\htdocs\pos_codeigniter\app\Views\templates\header.php(50): CodeIgniter\Debug\Exceptions->errorHandler(2, 'Undefined array...', 'C:\\xampp\\htdocs...', 50)
#1 C:\xampp\htdocs\pos_codeigniter\system\View\View.php(230): include('C:\\xampp\\htdocs...')
#2 C:\xampp\htdocs\pos_codeigniter\system\View\View.php(232): CodeIgniter\View\View->CodeIgniter\View\{closure}()
#3 C:\xampp\htdocs\pos_codeigniter\system\Common.php(1250): CodeIgniter\View\View->render('templates/heade...', Array, true)
#4 C:\xampp\htdocs\pos_codeigniter\app\Controllers\Cajas.php(40): view('templates/heade...')
#5 C:\xampp\htdocs\pos_codeigniter\system\CodeIgniter.php(931): App\Controllers\Cajas->index()
#6 C:\xampp\htdocs\pos_codeigniter\system\CodeIgniter.php(439): CodeIgniter\CodeIgniter->runController(Object(App\Controllers\Cajas))
#7 C:\xampp\htdocs\pos_codeigniter\system\CodeIgniter.php(339): CodeIgniter\CodeIgniter->handleRequest(NULL, Object(Config\Cache), false)
#8 C:\xampp\htdocs\pos_codeigniter\public\index.php(36): CodeIgniter\CodeIgniter->run()
#9 {main}
CRITICAL - 2022-02-24 14:27:49 --> Undefined variable $caja
#0 C:\xampp\htdocs\pos_codeigniter\app\Views\cajas\editar.php(13): CodeIgniter\Debug\Exceptions->errorHandler(2, 'Undefined varia...', 'C:\\xampp\\htdocs...', 13)
#1 C:\xampp\htdocs\pos_codeigniter\system\View\View.php(230): include('C:\\xampp\\htdocs...')
#2 C:\xampp\htdocs\pos_codeigniter\system\View\View.php(232): CodeIgniter\View\View->CodeIgniter\View\{closure}()
#3 C:\xampp\htdocs\pos_codeigniter\system\Common.php(1250): CodeIgniter\View\View->render('cajas/editar', Array, true)
#4 C:\xampp\htdocs\pos_codeigniter\app\Controllers\Cajas.php(100): view('cajas/editar', Array)
#5 C:\xampp\htdocs\pos_codeigniter\system\CodeIgniter.php(931): App\Controllers\Cajas->actualizar()
#6 C:\xampp\htdocs\pos_codeigniter\system\CodeIgniter.php(439): CodeIgniter\CodeIgniter->runController(Object(App\Controllers\Cajas))
#7 C:\xampp\htdocs\pos_codeigniter\system\CodeIgniter.php(339): CodeIgniter\CodeIgniter->handleRequest(NULL, Object(Config\Cache), false)
#8 C:\xampp\htdocs\pos_codeigniter\public\index.php(36): CodeIgniter\CodeIgniter->run()
#9 {main}
CRITICAL - 2022-02-24 14:29:32 --> Undefined variable $caja
#0 C:\xampp\htdocs\pos_codeigniter\app\Views\cajas\editar.php(13): CodeIgniter\Debug\Exceptions->errorHandler(2, 'Undefined varia...', 'C:\\xampp\\htdocs...', 13)
#1 C:\xampp\htdocs\pos_codeigniter\system\View\View.php(230): include('C:\\xampp\\htdocs...')
#2 C:\xampp\htdocs\pos_codeigniter\system\View\View.php(232): CodeIgniter\View\View->CodeIgniter\View\{closure}()
#3 C:\xampp\htdocs\pos_codeigniter\system\Common.php(1250): CodeIgniter\View\View->render('cajas/editar', Array, true)
#4 C:\xampp\htdocs\pos_codeigniter\app\Controllers\Cajas.php(100): view('cajas/editar', Array)
#5 C:\xampp\htdocs\pos_codeigniter\system\CodeIgniter.php(931): App\Controllers\Cajas->actualizar()
#6 C:\xampp\htdocs\pos_codeigniter\system\CodeIgniter.php(439): CodeIgniter\CodeIgniter->runController(Object(App\Controllers\Cajas))
#7 C:\xampp\htdocs\pos_codeigniter\system\CodeIgniter.php(339): CodeIgniter\CodeIgniter->handleRequest(NULL, Object(Config\Cache), false)
#8 C:\xampp\htdocs\pos_codeigniter\public\index.php(36): CodeIgniter\CodeIgniter->run()
#9 {main}
CRITICAL - 2022-02-24 14:30:40 --> Undefined variable $id
#0 C:\xampp\htdocs\pos_codeigniter\app\Controllers\Cajas.php(99): CodeIgniter\Debug\Exceptions->errorHandler(2, 'Undefined varia...', 'C:\\xampp\\htdocs...', 99)
#1 C:\xampp\htdocs\pos_codeigniter\system\CodeIgniter.php(931): App\Controllers\Cajas->actualizar()
#2 C:\xampp\htdocs\pos_codeigniter\system\CodeIgniter.php(439): CodeIgniter\CodeIgniter->runController(Object(App\Controllers\Cajas))
#3 C:\xampp\htdocs\pos_codeigniter\system\CodeIgniter.php(339): CodeIgniter\CodeIgniter->handleRequest(NULL, Object(Config\Cache), false)
#4 C:\xampp\htdocs\pos_codeigniter\public\index.php(36): CodeIgniter\CodeIgniter->run()
#5 {main}
CRITICAL - 2022-02-24 14:51:21 --> Undefined variable $usuario
#0 C:\xampp\htdocs\pos_codeigniter\app\Views\usuarios\editar.php(14): CodeIgniter\Debug\Exceptions->errorHandler(2, 'Undefined varia...', 'C:\\xampp\\htdocs...', 14)
#1 C:\xampp\htdocs\pos_codeigniter\system\View\View.php(230): include('C:\\xampp\\htdocs...')
#2 C:\xampp\htdocs\pos_codeigniter\system\View\View.php(232): CodeIgniter\View\View->CodeIgniter\View\{closure}()
#3 C:\xampp\htdocs\pos_codeigniter\system\Common.php(1250): CodeIgniter\View\View->render('usuarios/editar', Array, true)
#4 C:\xampp\htdocs\pos_codeigniter\app\Controllers\Usuarios.php(210): view('usuarios/editar', Array)
#5 C:\xampp\htdocs\pos_codeigniter\system\CodeIgniter.php(931): App\Controllers\Usuarios->actualizar()
#6 C:\xampp\htdocs\pos_codeigniter\system\CodeIgniter.php(439): CodeIgniter\CodeIgniter->runController(Object(App\Controllers\Usuarios))
#7 C:\xampp\htdocs\pos_codeigniter\system\CodeIgniter.php(339): CodeIgniter\CodeIgniter->handleRequest(NULL, Object(Config\Cache), false)
#8 C:\xampp\htdocs\pos_codeigniter\public\index.php(36): CodeIgniter\CodeIgniter->run()
#9 {main}
CRITICAL - 2022-02-24 14:52:12 --> Undefined variable $usuario
#0 C:\xampp\htdocs\pos_codeigniter\app\Views\usuarios\editar.php(14): CodeIgniter\Debug\Exceptions->errorHandler(2, 'Undefined varia...', 'C:\\xampp\\htdocs...', 14)
#1 C:\xampp\htdocs\pos_codeigniter\system\View\View.php(230): include('C:\\xampp\\htdocs...')
#2 C:\xampp\htdocs\pos_codeigniter\system\View\View.php(232): CodeIgniter\View\View->CodeIgniter\View\{closure}()
#3 C:\xampp\htdocs\pos_codeigniter\system\Common.php(1250): CodeIgniter\View\View->render('usuarios/editar', Array, true)
#4 C:\xampp\htdocs\pos_codeigniter\app\Controllers\Usuarios.php(211): view('usuarios/editar', Array)
#5 C:\xampp\htdocs\pos_codeigniter\system\CodeIgniter.php(931): App\Controllers\Usuarios->actualizar()
#6 C:\xampp\htdocs\pos_codeigniter\system\CodeIgniter.php(439): CodeIgniter\CodeIgniter->runController(Object(App\Controllers\Usuarios))
#7 C:\xampp\htdocs\pos_codeigniter\system\CodeIgniter.php(339): CodeIgniter\CodeIgniter->handleRequest(NULL, Object(Config\Cache), false)
#8 C:\xampp\htdocs\pos_codeigniter\public\index.php(36): CodeIgniter\CodeIgniter->run()
#9 {main}
CRITICAL - 2022-02-24 14:52:36 --> Trying to access array offset on value of type null
#0 C:\xampp\htdocs\pos_codeigniter\app\Views\usuarios\editar.php(14): CodeIgniter\Debug\Exceptions->errorHandler(2, 'Trying to acces...', 'C:\\xampp\\htdocs...', 14)
#1 C:\xampp\htdocs\pos_codeigniter\system\View\View.php(230): include('C:\\xampp\\htdocs...')
#2 C:\xampp\htdocs\pos_codeigniter\system\View\View.php(232): CodeIgniter\View\View->CodeIgniter\View\{closure}()
#3 C:\xampp\htdocs\pos_codeigniter\system\Common.php(1250): CodeIgniter\View\View->render('usuarios/editar', Array, true)
#4 C:\xampp\htdocs\pos_codeigniter\app\Controllers\Usuarios.php(211): view('usuarios/editar', Array)
#5 C:\xampp\htdocs\pos_codeigniter\system\CodeIgniter.php(931): App\Controllers\Usuarios->actualizar()
#6 C:\xampp\htdocs\pos_codeigniter\system\CodeIgniter.php(439): CodeIgniter\CodeIgniter->runController(Object(App\Controllers\Usuarios))
#7 C:\xampp\htdocs\pos_codeigniter\system\CodeIgniter.php(339): CodeIgniter\CodeIgniter->handleRequest(NULL, Object(Config\Cache), false)
#8 C:\xampp\htdocs\pos_codeigniter\public\index.php(36): CodeIgniter\CodeIgniter->run()
#9 {main}
CRITICAL - 2022-02-24 15:40:48 --> Undefined variable $cliente
#0 C:\xampp\htdocs\pos_codeigniter\app\Views\clientes\editar.php(14): CodeIgniter\Debug\Exceptions->errorHandler(2, 'Undefined varia...', 'C:\\xampp\\htdocs...', 14)
#1 C:\xampp\htdocs\pos_codeigniter\system\View\View.php(230): include('C:\\xampp\\htdocs...')
#2 C:\xampp\htdocs\pos_codeigniter\system\View\View.php(232): CodeIgniter\View\View->CodeIgniter\View\{closure}()
#3 C:\xampp\htdocs\pos_codeigniter\system\Common.php(1250): CodeIgniter\View\View->render('clientes/editar', Array, true)
#4 C:\xampp\htdocs\pos_codeigniter\app\Controllers\Clientes.php(120): view('clientes/editar', Array)
#5 C:\xampp\htdocs\pos_codeigniter\system\CodeIgniter.php(931): App\Controllers\Clientes->actualizar()
#6 C:\xampp\htdocs\pos_codeigniter\system\CodeIgniter.php(439): CodeIgniter\CodeIgniter->runController(Object(App\Controllers\Clientes))
#7 C:\xampp\htdocs\pos_codeigniter\system\CodeIgniter.php(339): CodeIgniter\CodeIgniter->handleRequest(NULL, Object(Config\Cache), false)
#8 C:\xampp\htdocs\pos_codeigniter\public\index.php(36): CodeIgniter\CodeIgniter->run()
#9 {main}
CRITICAL - 2022-02-24 16:03:46 --> Undefined array key "vencimiento"
#0 C:\xampp\htdocs\pos_codeigniter\app\Views\productos\editar.php(86): CodeIgniter\Debug\Exceptions->errorHandler(2, 'Undefined array...', 'C:\\xampp\\htdocs...', 86)
#1 C:\xampp\htdocs\pos_codeigniter\system\View\View.php(230): include('C:\\xampp\\htdocs...')
#2 C:\xampp\htdocs\pos_codeigniter\system\View\View.php(232): CodeIgniter\View\View->CodeIgniter\View\{closure}()
#3 C:\xampp\htdocs\pos_codeigniter\system\Common.php(1250): CodeIgniter\View\View->render('productos/edita...', Array, true)
#4 C:\xampp\htdocs\pos_codeigniter\app\Controllers\Productos.php(158): view('productos/edita...', Array)
#5 C:\xampp\htdocs\pos_codeigniter\system\CodeIgniter.php(931): App\Controllers\Productos->editar('1')
#6 C:\xampp\htdocs\pos_codeigniter\system\CodeIgniter.php(439): CodeIgniter\CodeIgniter->runController(Object(App\Controllers\Productos))
#7 C:\xampp\htdocs\pos_codeigniter\system\CodeIgniter.php(339): CodeIgniter\CodeIgniter->handleRequest(NULL, Object(Config\Cache), false)
#8 C:\xampp\htdocs\pos_codeigniter\public\index.php(36): CodeIgniter\CodeIgniter->run()
#9 {main}
