ERROR - 2022-12-05 12:17:25 --> Error connecting to the database: Unknown database 'codeigniter'
CRITICAL - 2022-12-05 12:17:25 --> Unable to connect to the database.
Main connection [MySQLi]: Unknown database 'codeigniter'
#0 C:\xampp\htdocs\pos_codeigniter\system\Database\BaseConnection.php(625): CodeIgniter\Database\BaseConnection->initialize()
#1 C:\xampp\htdocs\pos_codeigniter\system\Database\BaseBuilder.php(1881): CodeIgniter\Database\BaseConnection->query('SELECT *\nFROM `...', Array, false)
#2 C:\xampp\htdocs\pos_codeigniter\system\Model.php(228): CodeIgniter\Database\BaseBuilder->get()
#3 C:\xampp\htdocs\pos_codeigniter\system\BaseModel.php(644): CodeIgniter\Model->doFirst()
#4 C:\xampp\htdocs\pos_codeigniter\app\Controllers\Home.php(17): CodeIgniter\BaseModel->first()
#5 C:\xampp\htdocs\pos_codeigniter\system\CodeIgniter.php(931): App\Controllers\Home->index()
#6 C:\xampp\htdocs\pos_codeigniter\system\CodeIgniter.php(439): CodeIgniter\CodeIgniter->runController(Object(App\Controllers\Home))
#7 C:\xampp\htdocs\pos_codeigniter\system\CodeIgniter.php(339): CodeIgniter\CodeIgniter->handleRequest(NULL, Object(Config\Cache), false)
#8 C:\xampp\htdocs\pos_codeigniter\public\index.php(36): CodeIgniter\CodeIgniter->run()
#9 {main}
CRITICAL - 2022-12-05 13:45:13 --> Undefined variable $cajas
#0 C:\xampp\htdocs\pos_codeigniter\app\Views\usuarios\editar.php(51): CodeIgniter\Debug\Exceptions->errorHandler(2, 'Undefined varia...', 'C:\\xampp\\htdocs...', 51)
#1 C:\xampp\htdocs\pos_codeigniter\system\View\View.php(230): include('C:\\xampp\\htdocs...')
#2 C:\xampp\htdocs\pos_codeigniter\system\View\View.php(232): CodeIgniter\View\View->CodeIgniter\View\{closure}()
#3 C:\xampp\htdocs\pos_codeigniter\system\Common.php(1250): CodeIgniter\View\View->render('usuarios/editar', Array, true)
#4 C:\xampp\htdocs\pos_codeigniter\app\Controllers\Usuarios.php(153): view('usuarios/editar', Array)
#5 C:\xampp\htdocs\pos_codeigniter\system\CodeIgniter.php(931): App\Controllers\Usuarios->editar('2')
#6 C:\xampp\htdocs\pos_codeigniter\system\CodeIgniter.php(439): CodeIgniter\CodeIgniter->runController(Object(App\Controllers\Usuarios))
#7 C:\xampp\htdocs\pos_codeigniter\system\CodeIgniter.php(339): CodeIgniter\CodeIgniter->handleRequest(NULL, Object(Config\Cache), false)
#8 C:\xampp\htdocs\pos_codeigniter\public\index.php(36): CodeIgniter\CodeIgniter->run()
#9 {main}
CRITICAL - 2022-12-05 13:47:28 --> Undefined variable $cajas
#0 C:\xampp\htdocs\pos_codeigniter\app\Views\usuarios\editar.php(51): CodeIgniter\Debug\Exceptions->errorHandler(2, 'Undefined varia...', 'C:\\xampp\\htdocs...', 51)
#1 C:\xampp\htdocs\pos_codeigniter\system\View\View.php(230): include('C:\\xampp\\htdocs...')
#2 C:\xampp\htdocs\pos_codeigniter\system\View\View.php(232): CodeIgniter\View\View->CodeIgniter\View\{closure}()
#3 C:\xampp\htdocs\pos_codeigniter\system\Common.php(1250): CodeIgniter\View\View->render('usuarios/editar', Array, true)
#4 C:\xampp\htdocs\pos_codeigniter\app\Controllers\Usuarios.php(193): view('usuarios/editar', Array)
#5 C:\xampp\htdocs\pos_codeigniter\system\CodeIgniter.php(931): App\Controllers\Usuarios->actualizar()
#6 C:\xampp\htdocs\pos_codeigniter\system\CodeIgniter.php(439): CodeIgniter\CodeIgniter->runController(Object(App\Controllers\Usuarios))
#7 C:\xampp\htdocs\pos_codeigniter\system\CodeIgniter.php(339): CodeIgniter\CodeIgniter->handleRequest(NULL, Object(Config\Cache), false)
#8 C:\xampp\htdocs\pos_codeigniter\public\index.php(36): CodeIgniter\CodeIgniter->run()
#9 {main}
